<?xml version="1.0" encoding="UTF-8"?>
<!-- Generated by org.testng.reporters.JUnitReportReporter -->
<testsuite hostname="MAASDS03342X" failures="0" tests="1" name="qa.test.InterviewTests" time="21.438" errors="0" timestamp="2025-07-19T23:58:06 IST" skipped="0">
  <testcase classname="qa.test.InterviewTests" name="jdbcTest" time="21.438"/>
</testsuite> <!-- qa.test.InterviewTests -->
