<?xml version="1.0" encoding="UTF-8"?>
<!-- Generated by org.testng.reporters.JUnitReportReporter -->
<testsuite hostname="MAASDS03342X" failures="0" tests="1" name="base.BaseTest2" time="8.759" errors="0" timestamp="2025-07-08T10:20:04 IST" skipped="0">
  <testcase classname="base.BaseTest2" name="test" time="8.759"/>
</testsuite> <!-- base.BaseTest2 -->
