<?xml version="1.0" encoding="UTF-8"?>
<!-- Generated by org.testng.reporters.JUnitReportReporter -->
<testsuite hostname="MAASDS03342X" failures="0" tests="1" name="jdbcconnectors.Myconnect" time="0.014" errors="0" timestamp="2025-07-07T17:52:27 IST" skipped="0">
  <testcase classname="jdbcconnectors.Myconnect" name="sortArray" time="0.014"/>
</testsuite> <!-- jdbcconnectors.Myconnect -->
