<?xml version="1.0" encoding="UTF-8"?>
<!-- Generated by org.testng.reporters.JUnitReportReporter -->
<testsuite hostname="MAASDS03342X" failures="0" tests="1" name="utils.PayloadManager" time="0.022" errors="0" timestamp="2025-07-18T07:41:55 IST" skipped="0">
  <testcase classname="utils.PayloadManager" name="payloadTest" time="0.022"/>
</testsuite> <!-- utils.PayloadManager -->
