<?xml version="1.0" encoding="UTF-8"?>
<!-- Generated by org.testng.reporters.JUnitReportReporter -->
<testsuite hostname="MAASDS03342X" failures="0" tests="3" name="tests.CrudTest" time="4.017" errors="0" timestamp="2025-07-12T19:17:50 IST" skipped="2">
  <testcase classname="tests.CrudTest" name="validateGetUsersPage2" time="4.017"/>
  <testcase classname="tests.CrudTest" name="validateGetUser">
    <skipped/>
  </testcase> <!-- validateGetUser -->
  <testcase classname="tests.CrudTest" name="validateUserTest">
    <skipped/>
  </testcase> <!-- validateUserTest -->
</testsuite> <!-- tests.CrudTest -->
