<?xml version="1.0" encoding="UTF-8"?>
<!-- Generated by org.testng.reporters.JUnitReportReporter -->
<testsuite hostname="MAASDS03342X" failures="0" tests="1" name="framework.RestAssured.PayloadManager" time="0.018" errors="0" timestamp="2025-07-08T18:01:42 IST" skipped="0">
  <testcase classname="framework.RestAssured.PayloadManager" name="test" time="0.018"/>
</testsuite> <!-- framework.RestAssured.PayloadManager -->
