<?xml version="1.0" encoding="UTF-8"?>
<!-- Generated by org.testng.reporters.JUnitReportReporter -->
<testsuite hostname="MAASDS03342X" failures="0" tests="1" name="framework.RestAssured.tests.CRUDtest" time="2.225" errors="0" timestamp="2025-07-09T00:19:31 IST" skipped="0">
  <testcase classname="framework.RestAssured.tests.CRUDtest" name="validateUserTest" time="2.225"/>
</testsuite> <!-- framework.RestAssured.tests.CRUDtest -->
