<?xml version="1.0" encoding="UTF-8"?>
<!-- Generated by org.testng.reporters.JUnitReportReporter -->
<testsuite hostname="MAASDS03342X" failures="0" tests="1" name="framework.RestAssured.tests.OtherTest" time="2.057" errors="0" timestamp="2025-07-09T00:26:20 IST" skipped="0">
  <testcase classname="framework.RestAssured.tests.OtherTest" name="nestedJsonAssertion" time="2.057"/>
</testsuite> <!-- framework.RestAssured.tests.OtherTest -->
