<?xml version="1.0" encoding="UTF-8"?>
<!-- Generated by org.testng.reporters.JUnitReportReporter -->
<testsuite hostname="MAASDS03342X" failures="0" tests="1" name="tests.TypicalAPI" time="2.481" errors="0" timestamp="2025-07-12T20:33:23 IST" skipped="0">
  <testcase classname="tests.TypicalAPI" name="test" time="2.481"/>
</testsuite> <!-- tests.TypicalAPI -->
