<?xml version="1.0" encoding="UTF-8"?>
<!-- Generated by org.testng.reporters.JUnitReportReporter -->
<testsuite hostname="MAASDS03342X" failures="0" tests="1" name="framework.RestAssured.GetUserTest" time="2.516" errors="0" timestamp="2025-07-08T18:53:59 IST" skipped="0">
  <testcase classname="framework.RestAssured.GetUserTest" name="postUserTest" time="2.516"/>
</testsuite> <!-- framework.RestAssured.GetUserTest -->
