<?xml version="1.0" encoding="UTF-8"?>
<!-- Generated by org.testng.reporters.JUnitReportReporter -->
<testsuite hostname="MAASDS03342X" failures="0" tests="1" name="framework.RestAssured.CRUDtest" time="2.928" errors="0" timestamp="2025-07-09T00:05:41 IST" skipped="0">
  <testcase classname="framework.RestAssured.CRUDtest" name="validateUserTest" time="2.928"/>
</testsuite> <!-- framework.RestAssured.CRUDtest -->
