<?xml version="1.0" encoding="UTF-8"?>
<!-- Generated by org.testng.reporters.JUnitReportReporter -->
<testsuite hostname="MAASDS03342X" failures="0" tests="3" name="tests.CrudTest" time="2.050" errors="0" timestamp="2025-07-18T07:50:09 IST" skipped="2">
  <testcase classname="tests.CrudTest" name="deserialize" time="2.050"/>
  <testcase classname="tests.CrudTest" name="validateUserTest">
    <skipped/>
  </testcase> <!-- validateUserTest -->
  <testcase classname="tests.CrudTest" name="validateGetUser">
    <skipped/>
  </testcase> <!-- validateGetUser -->
</testsuite> <!-- tests.CrudTest -->
