<?xml version="1.0" encoding="UTF-8"?>
<!-- Generated by org.testng.reporters.JUnitReportReporter -->
<testsuite hostname="MAASDS03342X" failures="0" tests="1" name="qa.test.TestCase1" time="26.158" errors="0" timestamp="2025-07-07T00:07:01 IST" skipped="0">
  <testcase classname="qa.test.TestCase1" name="sampleMethodForEnteringDetails" time="26.158"/>
</testsuite> <!-- qa.test.TestCase1 -->
